Build started 11/26/2016 4:51:33 PM.
     1>Project "E:\Android\Projects\JuppyJup\cocos2d\cocos\2d\cocos2d.vcxproj" on node 2 (Build target(s)).
     1>PreLinkEvent:
         if not exist "E:\Android\Projects\JuppyJup\proj.win32\Debug.win32\" mkdir "E:\Android\Projects\JuppyJup\proj.win32\Debug.win32\"
         xcopy /Y /Q "E:\Android\Projects\JuppyJup\cocos2d\cocos\2d\..\..\external\freetype2\prebuilt\win32\*.*" "E:\Android\Projects\JuppyJup\proj.win32\Debug.win32\"
         xcopy /Y /Q "E:\Android\Projects\JuppyJup\cocos2d\cocos\2d\..\..\external\glfw3\prebuilt\win32\*.*" "E:\Android\Projects\JuppyJup\proj.win32\Debug.win32\"
         xcopy /Y /Q "E:\Android\Projects\JuppyJup\cocos2d\cocos\2d\..\..\external\curl\prebuilt\win32\*.*" "E:\Android\Projects\JuppyJup\proj.win32\Debug.win32\"
         xcopy /Y /Q "E:\Android\Projects\JuppyJup\cocos2d\cocos\2d\..\..\external\jpeg\prebuilt\win32\*.*" "E:\Android\Projects\JuppyJup\proj.win32\Debug.win32\"
         xcopy /Y /Q "E:\Android\Projects\JuppyJup\cocos2d\cocos\2d\..\..\external\png\prebuilt\win32\*.*" "E:\Android\Projects\JuppyJup\proj.win32\Debug.win32\"
         xcopy /Y /Q "E:\Android\Projects\JuppyJup\cocos2d\cocos\2d\..\..\external\tiff\prebuilt\win32\*.*" "E:\Android\Projects\JuppyJup\proj.win32\Debug.win32\"
         xcopy /Y /Q "E:\Android\Projects\JuppyJup\cocos2d\cocos\2d\..\..\external\webp\prebuilt\win32\*.*" "E:\Android\Projects\JuppyJup\proj.win32\Debug.win32\"
         xcopy /Y /Q "E:\Android\Projects\JuppyJup\cocos2d\cocos\2d\..\..\external\websockets\prebuilt\win32\*.*" "E:\Android\Projects\JuppyJup\proj.win32\Debug.win32\"
         xcopy /Y /Q "E:\Android\Projects\JuppyJup\cocos2d\cocos\2d\..\..\external\win32-specific\zlib\prebuilt\*.*" "E:\Android\Projects\JuppyJup\proj.win32\Debug.win32\"
         xcopy /Y /Q "E:\Android\Projects\JuppyJup\cocos2d\cocos\2d\..\..\external\win32-specific\icon\prebuilt\*.*" "E:\Android\Projects\JuppyJup\proj.win32\Debug.win32\"
         xcopy /Y /Q "E:\Android\Projects\JuppyJup\cocos2d\cocos\2d\..\..\external\win32-specific\gles\prebuilt\*.*" "E:\Android\Projects\JuppyJup\proj.win32\Debug.win32\"
         
         :VCEnd
         1 File(s) copied
         1 File(s) copied
         2 File(s) copied
         1 File(s) copied
         1 File(s) copied
         2 File(s) copied
         1 File(s) copied
         2 File(s) copied
         2 File(s) copied
         2 File(s) copied
         2 File(s) copied
       Lib:
         cocos2d.vcxproj -> E:\Android\Projects\JuppyJup\proj.win32\Debug.win32\libcocos2d.lib
     1>Done Building Project "E:\Android\Projects\JuppyJup\cocos2d\cocos\2d\cocos2d.vcxproj" (Build target(s)).

Build succeeded.

Time Elapsed 00:00:06.86
